<?xml version="1.0" encoding="UTF-8"?>
<testng-results skipped="0" failed="0" ignored="0" total="1" passed="1">
  <reporter-output>
  </reporter-output>
  <suite name="Default suite" duration-ms="41" started-at="2022-04-23T17:47:16Z" finished-at="2022-04-23T17:47:16Z">
    <groups>
    </groups>
    <test name="Default test" duration-ms="41" started-at="2022-04-23T17:47:16Z" finished-at="2022-04-23T17:47:16Z">
      <class name="firstProject.NewMaven">
        <test-method status="PASS" signature="m1()[pri:0, instance:firstProject.NewMaven@2a7ed1f]" name="m1" duration-ms="11" started-at="2022-04-23T17:47:16Z" finished-at="2022-04-23T17:47:16Z">
          <reporter-output>
          </reporter-output>
        </test-method> <!-- m1 -->
      </class> <!-- firstProject.NewMaven -->
    </test> <!-- Default test -->
  </suite> <!-- Default suite -->
</testng-results>
