<?xml version="1.0" encoding="UTF-8"?>
<testng-results skipped="0" failed="0" ignored="0" total="1" passed="1">
  <reporter-output>
  </reporter-output>
  <suite name="Default suite" duration-ms="8154" started-at="2022-06-14T20:41:14 PDT" finished-at="2022-06-14T20:41:22 PDT">
    <groups>
    </groups>
    <test name="Default test" duration-ms="8154" started-at="2022-06-14T20:41:14 PDT" finished-at="2022-06-14T20:41:22 PDT">
      <class name="AutoITDemo.AutoITEx">
        <test-method status="PASS" signature="demoWindowsHandle()[pri:0, instance:AutoITDemo.AutoITEx@7d0587f1]" name="demoWindowsHandle" duration-ms="8114" started-at="2022-06-14T20:41:14 PDT" finished-at="2022-06-14T20:41:22 PDT">
          <reporter-output>
          </reporter-output>
        </test-method> <!-- demoWindowsHandle -->
      </class> <!-- AutoITDemo.AutoITEx -->
    </test> <!-- Default test -->
  </suite> <!-- Default suite -->
</testng-results>
